2023-02-01 18:15:18 [main] INFO  c.s.demo.DemoApplication -
                Starting DemoApplication using Java 19.0.2 with PID 5663 (/Users/kedarnath-bhat/Downloads/demo/target/classes started by kedarnath-bhat in /Users/kedarnath-bhat/Downloads/demo)
2023-02-01 18:15:18 [main] DEBUG c.s.demo.DemoApplication -
                Running with Spring Boot v3.0.2, Spring v6.0.4
2023-02-01 18:15:18 [main] INFO  c.s.demo.DemoApplication -
                No active profile set, falling back to 1 default profile: "default"
2023-02-01 18:15:19 [main] INFO  c.s.demo.DemoApplication -
                Started DemoApplication in 0.979 seconds (process running for 1.215)
2023-02-01 18:15:23 [http-nio-8080-exec-1] DEBUG c.s.demo.DemoApplication -
                Response sent
2023-02-01 18:26:10 [main] INFO  c.s.demo.DemoApplication -
                Starting DemoApplication using Java 19.0.2 with PID 5744 (/Users/kedarnath-bhat/Downloads/demo/target/classes started by kedarnath-bhat in /Users/kedarnath-bhat/Downloads/demo)
2023-02-01 18:26:10 [main] DEBUG c.s.demo.DemoApplication -
                Running with Spring Boot v3.0.2, Spring v6.0.4
2023-02-01 18:26:10 [main] INFO  c.s.demo.DemoApplication -
                No active profile set, falling back to 1 default profile: "default"
2023-02-01 18:26:11 [main] INFO  c.s.demo.DemoApplication -
                Started DemoApplication in 0.875 seconds (process running for 1.116)
2023-02-01 18:26:16 [http-nio-8080-exec-2] DEBUG c.s.demo.DemoApplication -
                Response sent
2023-02-01 18:26:16 [http-nio-8080-exec-2] INFO  c.s.demo.DemoApplication -
                Response sent info 
