2023-02-03 10:27:44 [main] INFO  c.s.demo.DemoApplication -
                Starting DemoApplication using Java 19.0.2 with PID 1448 (/Users/kedarnath-bhat/Downloads/demo/target/classes started by kedarnath-bhat in /Users/kedarnath-bhat/Downloads/demo)
2023-02-03 10:27:44 [main] DEBUG c.s.demo.DemoApplication -
                Running with Spring Boot v3.0.2, Spring v6.0.4
2023-02-03 10:27:44 [main] INFO  c.s.demo.DemoApplication -
                No active profile set, falling back to 1 default profile: "default"
2023-02-03 10:27:45 [main] INFO  c.s.demo.DemoApplication -
                Started DemoApplication in 1.026 seconds (process running for 1.361)
2023-02-03 10:28:19 [http-nio-8080-exec-1] INFO  c.s.d.s.i.EmployeeServiceImplementation -
                getAllEmployee in Service is accessed []
2023-02-03 10:28:31 [http-nio-8080-exec-3] INFO  c.s.d.s.i.EmployeeServiceImplementation -
                getAllEmployee in Service is accessed [ResponseEmployee(employeeId=63d9160dd5dd5f2f18bf902a, employeeName=naveen, employeeDesignation=HR, employeeSalary=1789, employeeDob=2/10/1998, age=24), ResponseEmployee(employeeId=63d93cf0c7fcc25e27120d54, employeeName=test, employeeDesignation=HR, employeeSalary=1789, employeeDob=19/05/1998, age=24), ResponseEmployee(employeeId=63d93da19886060c84d740df, employeeName=test, employeeDesignation=SEM, employeeSalary=5664, employeeDob=19/05/1998, age=24), ResponseEmployee(employeeId=63d93e489886060c84d740e0, employeeName=test, employeeDesignation=HR, employeeSalary=0, employeeDob=19/05/1998, age=24), ResponseEmployee(employeeId=63da090f91a0ae2e4dcaba0d, employeeName=newTest, employeeDesignation=HR, employeeSalary=78665, employeeDob=19/05/1998, age=24), ResponseEmployee(employeeId=63da2f8524a3325bab48f60e, employeeName=test, employeeDesignation=HR, employeeSalary=23322, employeeDob=19/05/1998, age=24), ResponseEmployee(employeeId=122443, employeeName=test, employeeDesignation=HR, employeeSalary=23322, employeeDob=19/05/1998, age=24)]
2023-02-03 10:28:48 [http-nio-8080-exec-5] INFO  c.s.d.s.i.EmployeeServiceImplementation -
                getAllEmployee in Service is accessed [ResponseEmployee(employeeId=63d93cf0c7fcc25e27120d54, employeeName=test, employeeDesignation=HR, employeeSalary=1789, employeeDob=19/05/1998, age=24), ResponseEmployee(employeeId=63d93e489886060c84d740e0, employeeName=test, employeeDesignation=HR, employeeSalary=0, employeeDob=19/05/1998, age=24), ResponseEmployee(employeeId=63da2f8524a3325bab48f60e, employeeName=test, employeeDesignation=HR, employeeSalary=23322, employeeDob=19/05/1998, age=24), ResponseEmployee(employeeId=122443, employeeName=test, employeeDesignation=HR, employeeSalary=23322, employeeDob=19/05/1998, age=24)]
2023-02-03 10:28:57 [http-nio-8080-exec-6] INFO  c.s.d.s.i.EmployeeServiceImplementation -
                getAllEmployee in Service is accessed [ResponseEmployee(employeeId=63d93da19886060c84d740df, employeeName=test, employeeDesignation=SEM, employeeSalary=5664, employeeDob=19/05/1998, age=24)]
2023-02-03 10:29:01 [http-nio-8080-exec-7] INFO  c.s.d.s.i.EmployeeServiceImplementation -
                getAllEmployee in Service is accessed []
2023-02-03 10:38:56 [main] INFO  c.s.demo.DemoApplication -
                Starting DemoApplication using Java 19.0.2 with PID 1568 (/Users/kedarnath-bhat/Downloads/demo/target/classes started by kedarnath-bhat in /Users/kedarnath-bhat/Downloads/demo)
2023-02-03 10:38:56 [main] DEBUG c.s.demo.DemoApplication -
                Running with Spring Boot v3.0.2, Spring v6.0.4
2023-02-03 10:38:56 [main] INFO  c.s.demo.DemoApplication -
                No active profile set, falling back to 1 default profile: "default"
2023-02-03 10:38:57 [main] INFO  c.s.demo.DemoApplication -
                Started DemoApplication in 0.91 seconds (process running for 1.149)
2023-02-03 11:24:04 [main] INFO  c.s.demo.DemoApplication -
                Starting DemoApplication using Java 19.0.2 with PID 1920 (/Users/kedarnath-bhat/Downloads/demo/target/classes started by kedarnath-bhat in /Users/kedarnath-bhat/Downloads/demo)
2023-02-03 11:24:04 [main] DEBUG c.s.demo.DemoApplication -
                Running with Spring Boot v3.0.2, Spring v6.0.4
2023-02-03 11:24:04 [main] INFO  c.s.demo.DemoApplication -
                No active profile set, falling back to 1 default profile: "default"
2023-02-03 11:24:05 [main] INFO  c.s.demo.DemoApplication -
                Started DemoApplication in 0.905 seconds (process running for 1.142)
2023-02-03 11:35:23 [main] INFO  c.s.demo.DemoApplication -
                Starting DemoApplication using Java 19.0.2 with PID 2071 (/Users/kedarnath-bhat/Downloads/demo/target/classes started by kedarnath-bhat in /Users/kedarnath-bhat/Downloads/demo)
2023-02-03 11:35:23 [main] DEBUG c.s.demo.DemoApplication -
                Running with Spring Boot v3.0.2, Spring v6.0.4
2023-02-03 11:35:23 [main] INFO  c.s.demo.DemoApplication -
                No active profile set, falling back to 1 default profile: "default"
2023-02-03 11:35:24 [main] INFO  c.s.demo.DemoApplication -
                Started DemoApplication in 0.949 seconds (process running for 1.2)
2023-02-03 11:40:07 [main] INFO  c.s.demo.DemoApplication -
                Starting DemoApplication using Java 19.0.2 with PID 2103 (/Users/kedarnath-bhat/Downloads/demo/target/classes started by kedarnath-bhat in /Users/kedarnath-bhat/Downloads/demo)
2023-02-03 11:40:07 [main] DEBUG c.s.demo.DemoApplication -
                Running with Spring Boot v3.0.2, Spring v6.0.4
2023-02-03 11:40:07 [main] INFO  c.s.demo.DemoApplication -
                No active profile set, falling back to 1 default profile: "default"
2023-02-03 11:40:07 [main] INFO  c.s.demo.DemoApplication -
                Started DemoApplication in 0.9 seconds (process running for 1.14)
2023-02-03 11:50:59 [main] INFO  c.s.demo.DemoApplication -
                Starting DemoApplication using Java 19.0.2 with PID 2215 (/Users/kedarnath-bhat/Downloads/demo/target/classes started by kedarnath-bhat in /Users/kedarnath-bhat/Downloads/demo)
2023-02-03 11:50:59 [main] DEBUG c.s.demo.DemoApplication -
                Running with Spring Boot v3.0.2, Spring v6.0.4
2023-02-03 11:50:59 [main] INFO  c.s.demo.DemoApplication -
                No active profile set, falling back to 1 default profile: "default"
2023-02-03 11:51:00 [main] INFO  c.s.demo.DemoApplication -
                Started DemoApplication in 0.912 seconds (process running for 1.146)
2023-02-03 11:54:29 [main] INFO  c.s.demo.DemoApplication -
                Starting DemoApplication using Java 19.0.2 with PID 2230 (/Users/kedarnath-bhat/Downloads/demo/target/classes started by kedarnath-bhat in /Users/kedarnath-bhat/Downloads/demo)
2023-02-03 11:54:29 [main] DEBUG c.s.demo.DemoApplication -
                Running with Spring Boot v3.0.2, Spring v6.0.4
2023-02-03 11:54:29 [main] INFO  c.s.demo.DemoApplication -
                No active profile set, falling back to 1 default profile: "default"
2023-02-03 11:54:30 [main] INFO  c.s.demo.DemoApplication -
                Started DemoApplication in 0.901 seconds (process running for 1.141)
2023-02-03 11:57:00 [main] INFO  c.s.demo.DemoApplication -
                Starting DemoApplication using Java 19.0.2 with PID 2247 (/Users/kedarnath-bhat/Downloads/demo/target/classes started by kedarnath-bhat in /Users/kedarnath-bhat/Downloads/demo)
2023-02-03 11:57:00 [main] DEBUG c.s.demo.DemoApplication -
                Running with Spring Boot v3.0.2, Spring v6.0.4
2023-02-03 11:57:00 [main] INFO  c.s.demo.DemoApplication -
                No active profile set, falling back to 1 default profile: "default"
2023-02-03 11:57:01 [main] INFO  c.s.demo.DemoApplication -
                Started DemoApplication in 0.903 seconds (process running for 1.142)
2023-02-03 11:58:19 [main] INFO  c.s.demo.DemoApplication -
                Starting DemoApplication using Java 19.0.2 with PID 2260 (/Users/kedarnath-bhat/Downloads/demo/target/classes started by kedarnath-bhat in /Users/kedarnath-bhat/Downloads/demo)
2023-02-03 11:58:19 [main] DEBUG c.s.demo.DemoApplication -
                Running with Spring Boot v3.0.2, Spring v6.0.4
2023-02-03 11:58:19 [main] INFO  c.s.demo.DemoApplication -
                No active profile set, falling back to 1 default profile: "default"
2023-02-03 11:58:20 [main] INFO  c.s.demo.DemoApplication -
                Started DemoApplication in 0.859 seconds (process running for 1.092)
2023-02-03 11:59:53 [main] INFO  c.s.demo.DemoApplication -
                Starting DemoApplication using Java 19.0.2 with PID 2274 (/Users/kedarnath-bhat/Downloads/demo/target/classes started by kedarnath-bhat in /Users/kedarnath-bhat/Downloads/demo)
2023-02-03 11:59:53 [main] DEBUG c.s.demo.DemoApplication -
                Running with Spring Boot v3.0.2, Spring v6.0.4
2023-02-03 11:59:53 [main] INFO  c.s.demo.DemoApplication -
                No active profile set, falling back to 1 default profile: "default"
2023-02-03 11:59:54 [main] INFO  c.s.demo.DemoApplication -
                Started DemoApplication in 0.872 seconds (process running for 1.112)
2023-02-03 12:00:45 [http-nio-8080-exec-3] INFO  c.s.d.s.i.EmployeeServiceImplementation -
                getAllEmployee in Service is accessed [ResponseEmployee(employeeId=63d9160dd5dd5f2f18bf902a, employeeName=naveen, employeeDesignation=HR, employeeSalary=1789, employeeDob=2/10/1998, age=24), ResponseEmployee(employeeId=63d93cf0c7fcc25e27120d54, employeeName=test, employeeDesignation=HR, employeeSalary=1789, employeeDob=19/05/1998, age=24), ResponseEmployee(employeeId=63d93da19886060c84d740df, employeeName=test, employeeDesignation=SEM, employeeSalary=5664, employeeDob=19/05/1998, age=24), ResponseEmployee(employeeId=63d93e489886060c84d740e0, employeeName=test, employeeDesignation=HR, employeeSalary=0, employeeDob=19/05/1998, age=24), ResponseEmployee(employeeId=63da090f91a0ae2e4dcaba0d, employeeName=newTest, employeeDesignation=HR, employeeSalary=78665, employeeDob=19/05/1998, age=24), ResponseEmployee(employeeId=63da2f8524a3325bab48f60e, employeeName=test, employeeDesignation=HR, employeeSalary=23322, employeeDob=19/05/1998, age=24), ResponseEmployee(employeeId=122443, employeeName=test, employeeDesignation=HR, employeeSalary=23322, employeeDob=19/05/1998, age=24)]
2023-02-03 12:02:20 [main] INFO  c.s.demo.DemoApplication -
                Starting DemoApplication using Java 19.0.2 with PID 2287 (/Users/kedarnath-bhat/Downloads/demo/target/classes started by kedarnath-bhat in /Users/kedarnath-bhat/Downloads/demo)
2023-02-03 12:02:20 [main] DEBUG c.s.demo.DemoApplication -
                Running with Spring Boot v3.0.2, Spring v6.0.4
2023-02-03 12:02:20 [main] INFO  c.s.demo.DemoApplication -
                No active profile set, falling back to 1 default profile: "default"
2023-02-03 12:02:21 [main] INFO  c.s.demo.DemoApplication -
                Started DemoApplication in 0.884 seconds (process running for 1.115)
2023-02-03 12:02:26 [http-nio-8080-exec-2] INFO  c.s.d.s.i.EmployeeServiceImplementation -
                getAllEmployee in Service is accessed [ResponseEmployee(employeeId=63d9160dd5dd5f2f18bf902a, employeeName=naveen, employeeDesignation=HR, employeeSalary=1789, employeeDob=2/10/1998, age=24), ResponseEmployee(employeeId=63d93cf0c7fcc25e27120d54, employeeName=test, employeeDesignation=HR, employeeSalary=1789, employeeDob=19/05/1998, age=24), ResponseEmployee(employeeId=63d93da19886060c84d740df, employeeName=test, employeeDesignation=SEM, employeeSalary=5664, employeeDob=19/05/1998, age=24), ResponseEmployee(employeeId=63d93e489886060c84d740e0, employeeName=test, employeeDesignation=HR, employeeSalary=0, employeeDob=19/05/1998, age=24), ResponseEmployee(employeeId=63da090f91a0ae2e4dcaba0d, employeeName=newTest, employeeDesignation=HR, employeeSalary=78665, employeeDob=19/05/1998, age=24), ResponseEmployee(employeeId=63da2f8524a3325bab48f60e, employeeName=test, employeeDesignation=HR, employeeSalary=23322, employeeDob=19/05/1998, age=24), ResponseEmployee(employeeId=122443, employeeName=test, employeeDesignation=HR, employeeSalary=23322, employeeDob=19/05/1998, age=24)]
2023-02-03 12:04:27 [main] INFO  c.s.demo.DemoApplication -
                Starting DemoApplication using Java 19.0.2 with PID 2631 (/Users/kedarnath-bhat/Downloads/demo/target/classes started by kedarnath-bhat in /Users/kedarnath-bhat/Downloads/demo)
2023-02-03 12:04:27 [main] DEBUG c.s.demo.DemoApplication -
                Running with Spring Boot v3.0.2, Spring v6.0.4
2023-02-03 12:04:27 [main] INFO  c.s.demo.DemoApplication -
                No active profile set, falling back to 1 default profile: "default"
2023-02-03 12:04:28 [main] INFO  c.s.demo.DemoApplication -
                Started DemoApplication in 0.887 seconds (process running for 1.127)
2023-02-03 12:05:19 [main] INFO  c.s.demo.DemoApplication -
                Starting DemoApplication using Java 19.0.2 with PID 2659 (/Users/kedarnath-bhat/Downloads/demo/target/classes started by kedarnath-bhat in /Users/kedarnath-bhat/Downloads/demo)
2023-02-03 12:05:19 [main] DEBUG c.s.demo.DemoApplication -
                Running with Spring Boot v3.0.2, Spring v6.0.4
2023-02-03 12:05:19 [main] INFO  c.s.demo.DemoApplication -
                No active profile set, falling back to 1 default profile: "default"
2023-02-03 12:05:19 [main] INFO  c.s.demo.DemoApplication -
                Started DemoApplication in 0.92 seconds (process running for 1.16)
2023-02-03 12:07:06 [main] INFO  c.s.demo.DemoApplication -
                Starting DemoApplication using Java 19.0.2 with PID 2822 (/Users/kedarnath-bhat/Downloads/demo/target/classes started by kedarnath-bhat in /Users/kedarnath-bhat/Downloads/demo)
2023-02-03 12:07:06 [main] DEBUG c.s.demo.DemoApplication -
                Running with Spring Boot v3.0.2, Spring v6.0.4
2023-02-03 12:07:06 [main] INFO  c.s.demo.DemoApplication -
                No active profile set, falling back to 1 default profile: "default"
2023-02-03 12:07:07 [main] INFO  c.s.demo.DemoApplication -
                Started DemoApplication in 0.908 seconds (process running for 1.137)
2023-02-03 12:59:05 [main] INFO  c.s.demo.DemoApplication -
                Starting DemoApplication using Java 19.0.2 with PID 3116 (/Users/kedarnath-bhat/Downloads/demo/target/classes started by kedarnath-bhat in /Users/kedarnath-bhat/Downloads/demo)
2023-02-03 12:59:05 [main] DEBUG c.s.demo.DemoApplication -
                Running with Spring Boot v3.0.2, Spring v6.0.4
2023-02-03 12:59:05 [main] INFO  c.s.demo.DemoApplication -
                No active profile set, falling back to 1 default profile: "default"
2023-02-03 12:59:05 [main] INFO  c.s.demo.DemoApplication -
                Started DemoApplication in 0.902 seconds (process running for 1.134)
2023-02-03 13:26:50 [main] INFO  c.s.demo.DemoApplication -
                Starting DemoApplication using Java 19.0.2 with PID 3285 (/Users/kedarnath-bhat/Downloads/demo/target/classes started by kedarnath-bhat in /Users/kedarnath-bhat/Downloads/demo)
2023-02-03 13:26:50 [main] DEBUG c.s.demo.DemoApplication -
                Running with Spring Boot v3.0.2, Spring v6.0.4
2023-02-03 13:26:50 [main] INFO  c.s.demo.DemoApplication -
                No active profile set, falling back to 1 default profile: "default"
2023-02-03 13:26:51 [main] INFO  c.s.demo.DemoApplication -
                Started DemoApplication in 0.939 seconds (process running for 1.17)
2023-02-03 13:27:06 [main] INFO  c.s.demo.DemoApplication -
                Starting DemoApplication using Java 19.0.2 with PID 3288 (/Users/kedarnath-bhat/Downloads/demo/target/classes started by kedarnath-bhat in /Users/kedarnath-bhat/Downloads/demo)
2023-02-03 13:27:06 [main] DEBUG c.s.demo.DemoApplication -
                Running with Spring Boot v3.0.2, Spring v6.0.4
2023-02-03 13:27:06 [main] INFO  c.s.demo.DemoApplication -
                No active profile set, falling back to 1 default profile: "default"
2023-02-03 13:27:07 [main] INFO  c.s.demo.DemoApplication -
                Started DemoApplication in 1.07 seconds (process running for 1.642)
2023-02-03 13:29:06 [main] INFO  c.s.demo.DemoApplication -
                Starting DemoApplication using Java 19.0.2 with PID 3300 (/Users/kedarnath-bhat/Downloads/demo/target/classes started by kedarnath-bhat in /Users/kedarnath-bhat/Downloads/demo)
2023-02-03 13:29:06 [main] DEBUG c.s.demo.DemoApplication -
                Running with Spring Boot v3.0.2, Spring v6.0.4
2023-02-03 13:29:06 [main] INFO  c.s.demo.DemoApplication -
                No active profile set, falling back to 1 default profile: "default"
2023-02-03 13:29:06 [main] INFO  c.s.demo.DemoApplication -
                Started DemoApplication in 0.92 seconds (process running for 1.166)
