2023-02-08 05:24:57 [main] INFO  c.s.demo.DemoApplication -
                Starting DemoApplication using Java 19.0.2 with PID 2273 (/Users/kedarnath-bhat/Downloads/demo/target/classes started by kedarnath-bhat in /Users/kedarnath-bhat/Downloads/demo)
2023-02-08 05:24:57 [main] DEBUG c.s.demo.DemoApplication -
                Running with Spring Boot v3.0.2, Spring v6.0.4
2023-02-08 05:24:57 [main] INFO  c.s.demo.DemoApplication -
                No active profile set, falling back to 1 default profile: "default"
2023-02-08 05:32:33 [main] INFO  c.s.d.s.impl.EmployeeServiceImpl -
                getAllEmployee in Service is accessed [ResponseEmployee(employeeId=1, employeeName=John, employeeDesignation=John, employeeSalary=6000, employeeDob=19/07/2010, age=19), ResponseEmployee(employeeId=2, employeeName=Alex, employeeDesignation=kolenchiski, employeeSalary=500, employeeDob=alexk@yahoo.com, age=20), ResponseEmployee(employeeId=3, employeeName=Steve, employeeDesignation=Waugh, employeeSalary=9090, employeeDob=swaugh@gmail.com, age=21)]
2023-02-08 05:33:15 [main] INFO  c.s.d.s.impl.EmployeeServiceImpl -
                getAllEmployee in Service is accessed [ResponseEmployee(employeeId=1, employeeName=John, employeeDesignation=John, employeeSalary=6000, employeeDob=19/07/2010, age=19), ResponseEmployee(employeeId=2, employeeName=Alex, employeeDesignation=kolenchiski, employeeSalary=500, employeeDob=alexk@yahoo.com, age=20), ResponseEmployee(employeeId=3, employeeName=Steve, employeeDesignation=Waugh, employeeSalary=9090, employeeDob=swaugh@gmail.com, age=21)]
2023-02-08 05:36:46 [main] INFO  c.s.d.s.impl.EmployeeServiceImpl -
                getAllEmployee in Service is accessed [ResponseEmployee(employeeId=1, employeeName=John, employeeDesignation=John, employeeSalary=6000, employeeDob=19/07/2010, age=19), ResponseEmployee(employeeId=2, employeeName=Alex, employeeDesignation=kolenchiski, employeeSalary=500, employeeDob=alexk@yahoo.com, age=20), ResponseEmployee(employeeId=3, employeeName=Steve, employeeDesignation=Waugh, employeeSalary=9090, employeeDob=swaugh@gmail.com, age=21)]
2023-02-08 10:29:02 [main] INFO  c.s.d.s.impl.EmployeeServiceImpl -
                getAllEmployee in Service is accessed [ResponseEmployee(employeeId=1, employeeName=John, employeeDesignation=John, employeeSalary=6000, employeeDob=19/07/2010, age=19), ResponseEmployee(employeeId=2, employeeName=Alex, employeeDesignation=kolenchiski, employeeSalary=500, employeeDob=alexk@yahoo.com, age=20), ResponseEmployee(employeeId=3, employeeName=Steve, employeeDesignation=Waugh, employeeSalary=9090, employeeDob=swaugh@gmail.com, age=21)]
2023-02-08 10:29:09 [main] INFO  c.s.d.s.impl.EmployeeServiceImpl -
                getAllEmployee in Service is accessed [ResponseEmployee(employeeId=1, employeeName=John, employeeDesignation=John, employeeSalary=6000, employeeDob=19/07/2010, age=19), ResponseEmployee(employeeId=2, employeeName=Alex, employeeDesignation=kolenchiski, employeeSalary=500, employeeDob=alexk@yahoo.com, age=20), ResponseEmployee(employeeId=3, employeeName=Steve, employeeDesignation=Waugh, employeeSalary=9090, employeeDob=swaugh@gmail.com, age=21)]
2023-02-08 10:32:38 [main] INFO  c.s.d.s.impl.EmployeeServiceImpl -
                getAllEmployee in Service is accessed [ResponseEmployee(employeeId=1, employeeName=John, employeeDesignation=John, employeeSalary=6000, employeeDob=19/07/2010, age=19), ResponseEmployee(employeeId=2, employeeName=Alex, employeeDesignation=kolenchiski, employeeSalary=500, employeeDob=alexk@yahoo.com, age=20), ResponseEmployee(employeeId=3, employeeName=Steve, employeeDesignation=Waugh, employeeSalary=9090, employeeDob=swaugh@gmail.com, age=21)]
2023-02-08 10:36:05 [main] INFO  c.s.d.s.impl.EmployeeServiceImpl -
                getAllEmployee in Service is accessed [ResponseEmployee(employeeId=1, employeeName=John, employeeDesignation=John, employeeSalary=6000, employeeDob=19/07/2010, age=19), ResponseEmployee(employeeId=2, employeeName=Alex, employeeDesignation=kolenchiski, employeeSalary=500, employeeDob=alexk@yahoo.com, age=20), ResponseEmployee(employeeId=3, employeeName=Steve, employeeDesignation=Waugh, employeeSalary=9090, employeeDob=swaugh@gmail.com, age=21)]
2023-02-08 11:33:01 [main] INFO  c.s.d.s.impl.EmployeeServiceImpl -
                getAllEmployee in Service is accessed [ResponseEmployee(employeeId=1, employeeName=John, employeeDesignation=John, employeeSalary=6000, employeeDob=19/07/2010, age=19), ResponseEmployee(employeeId=2, employeeName=Alex, employeeDesignation=kolenchiski, employeeSalary=500, employeeDob=alexk@yahoo.com, age=20), ResponseEmployee(employeeId=3, employeeName=Steve, employeeDesignation=Waugh, employeeSalary=9090, employeeDob=swaugh@gmail.com, age=21)]
2023-02-08 18:26:30 [main] INFO  c.s.d.s.impl.EmployeeServiceImpl -
                getAllEmployee in Service is accessed [ResponseEmployee(employeeId=1, employeeName=John, employeeDesignation=John, employeeSalary=6000, employeeDob=19/07/2010, age=19), ResponseEmployee(employeeId=2, employeeName=Alex, employeeDesignation=kolenchiski, employeeSalary=500, employeeDob=alexk@yahoo.com, age=20), ResponseEmployee(employeeId=3, employeeName=Steve, employeeDesignation=Waugh, employeeSalary=9090, employeeDob=swaugh@gmail.com, age=21)]
2023-02-08 18:27:12 [main] INFO  c.s.d.s.impl.EmployeeServiceImpl -
                getAllEmployee in Service is accessed [ResponseEmployee(employeeId=1, employeeName=John, employeeDesignation=John, employeeSalary=6000, employeeDob=19/07/2010, age=19), ResponseEmployee(employeeId=2, employeeName=Alex, employeeDesignation=kolenchiski, employeeSalary=500, employeeDob=alexk@yahoo.com, age=20), ResponseEmployee(employeeId=3, employeeName=Steve, employeeDesignation=Waugh, employeeSalary=9090, employeeDob=swaugh@gmail.com, age=21)]
2023-02-08 18:33:26 [main] INFO  c.s.d.s.impl.EmployeeServiceImpl -
                getAllEmployee in Service is accessed [ResponseEmployee(employeeId=1, employeeName=John, employeeDesignation=John, employeeSalary=6000, employeeDob=19/07/2010, age=19), ResponseEmployee(employeeId=2, employeeName=Alex, employeeDesignation=kolenchiski, employeeSalary=500, employeeDob=alexk@yahoo.com, age=20), ResponseEmployee(employeeId=3, employeeName=Steve, employeeDesignation=Waugh, employeeSalary=9090, employeeDob=swaugh@gmail.com, age=21)]
2023-02-08 18:33:47 [main] INFO  c.s.d.s.impl.EmployeeServiceImpl -
                getAllEmployee in Service is accessed [ResponseEmployee(employeeId=1, employeeName=John, employeeDesignation=John, employeeSalary=6000, employeeDob=19/07/2010, age=19), ResponseEmployee(employeeId=2, employeeName=Alex, employeeDesignation=kolenchiski, employeeSalary=500, employeeDob=alexk@yahoo.com, age=20), ResponseEmployee(employeeId=3, employeeName=Steve, employeeDesignation=Waugh, employeeSalary=9090, employeeDob=swaugh@gmail.com, age=21)]
