2023-02-02 12:38:02 [main] INFO  c.s.demo.DemoApplication -
                Starting DemoApplication using Java 19.0.2 with PID 8609 (/Users/kedarnath-bhat/Downloads/demo/target/classes started by kedarnath-bhat in /Users/kedarnath-bhat/Downloads/demo)
2023-02-02 12:38:02 [main] DEBUG c.s.demo.DemoApplication -
                Running with Spring Boot v3.0.2, Spring v6.0.4
2023-02-02 12:38:02 [main] INFO  c.s.demo.DemoApplication -
                No active profile set, falling back to 1 default profile: "default"
2023-02-02 12:38:03 [main] INFO  c.s.demo.DemoApplication -
                Started DemoApplication in 1.045 seconds (process running for 1.311)
2023-02-02 12:38:10 [http-nio-8080-exec-2] DEBUG c.s.demo.DemoApplication -
                [ResponseEmployee(employeeId=63d9151fd5dd5f2f18bf9028, employeeName=manja, employeeDesignation=SEM, employeeSalary=150000, employeeDob=21/09/2003, age=19), ResponseEmployee(employeeId=63d9160dd5dd5f2f18bf902a, employeeName=naveen, employeeDesignation=HR, employeeSalary=1789, employeeDob=2/10/1998, age=24), ResponseEmployee(employeeId=63d93cf0c7fcc25e27120d54, employeeName=test, employeeDesignation=HR, employeeSalary=1789, employeeDob=19/05/1998, age=24), ResponseEmployee(employeeId=63d93da19886060c84d740df, employeeName=test, employeeDesignation=HR, employeeSalary=0, employeeDob=19/05/1998, age=24), ResponseEmployee(employeeId=63d93e489886060c84d740e0, employeeName=test, employeeDesignation=HR, employeeSalary=0, employeeDob=19/05/1998, age=24), ResponseEmployee(employeeId=63da090f91a0ae2e4dcaba0d, employeeName=newTest, employeeDesignation=HR, employeeSalary=78665, employeeDob=19/05/1998, age=24), ResponseEmployee(employeeId=63da2f8524a3325bab48f60e, employeeName=test, employeeDesignation=HR, employeeSalary=23322, employeeDob=19/05/1998, age=24), ResponseEmployee(employeeId=122443, employeeName=test, employeeDesignation=HR, employeeSalary=23322, employeeDob=19/05/1998, age=24)]
2023-02-02 12:39:31 [main] INFO  c.s.demo.DemoApplication -
                Starting DemoApplication using Java 19.0.2 with PID 8621 (/Users/kedarnath-bhat/Downloads/demo/target/classes started by kedarnath-bhat in /Users/kedarnath-bhat/Downloads/demo)
2023-02-02 12:39:31 [main] DEBUG c.s.demo.DemoApplication -
                Running with Spring Boot v3.0.2, Spring v6.0.4
2023-02-02 12:39:31 [main] INFO  c.s.demo.DemoApplication -
                No active profile set, falling back to 1 default profile: "default"
2023-02-02 12:39:32 [main] INFO  c.s.demo.DemoApplication -
                Started DemoApplication in 0.989 seconds (process running for 1.251)
2023-02-02 12:39:34 [http-nio-8080-exec-1] DEBUG c.s.demo.DemoApplication -
                [ResponseEmployee(employeeId=63d9151fd5dd5f2f18bf9028, employeeName=manja, employeeDesignation=SEM, employeeSalary=150000, employeeDob=21/09/2003, age=19), ResponseEmployee(employeeId=63d9160dd5dd5f2f18bf902a, employeeName=naveen, employeeDesignation=HR, employeeSalary=1789, employeeDob=2/10/1998, age=24), ResponseEmployee(employeeId=63d93cf0c7fcc25e27120d54, employeeName=test, employeeDesignation=HR, employeeSalary=1789, employeeDob=19/05/1998, age=24), ResponseEmployee(employeeId=63d93da19886060c84d740df, employeeName=test, employeeDesignation=HR, employeeSalary=0, employeeDob=19/05/1998, age=24), ResponseEmployee(employeeId=63d93e489886060c84d740e0, employeeName=test, employeeDesignation=HR, employeeSalary=0, employeeDob=19/05/1998, age=24), ResponseEmployee(employeeId=63da090f91a0ae2e4dcaba0d, employeeName=newTest, employeeDesignation=HR, employeeSalary=78665, employeeDob=19/05/1998, age=24), ResponseEmployee(employeeId=63da2f8524a3325bab48f60e, employeeName=test, employeeDesignation=HR, employeeSalary=23322, employeeDob=19/05/1998, age=24), ResponseEmployee(employeeId=122443, employeeName=test, employeeDesignation=HR, employeeSalary=23322, employeeDob=19/05/1998, age=24)]
2023-02-02 12:41:49 [main] INFO  c.s.demo.DemoApplication -
                Starting DemoApplication using Java 19.0.2 with PID 8641 (/Users/kedarnath-bhat/Downloads/demo/target/classes started by kedarnath-bhat in /Users/kedarnath-bhat/Downloads/demo)
2023-02-02 12:41:49 [main] DEBUG c.s.demo.DemoApplication -
                Running with Spring Boot v3.0.2, Spring v6.0.4
2023-02-02 12:41:49 [main] INFO  c.s.demo.DemoApplication -
                No active profile set, falling back to 1 default profile: "default"
2023-02-02 12:41:50 [main] INFO  c.s.demo.DemoApplication -
                Started DemoApplication in 0.97 seconds (process running for 1.207)
2023-02-02 12:41:53 [http-nio-8080-exec-2] INFO  c.s.d.s.i.EmployeeServiceImplementation -
                getAllEmployee in Serive is accessed
2023-02-02 12:41:53 [http-nio-8080-exec-2] DEBUG c.s.demo.DemoApplication -
                [ResponseEmployee(employeeId=63d9151fd5dd5f2f18bf9028, employeeName=manja, employeeDesignation=SEM, employeeSalary=150000, employeeDob=21/09/2003, age=19), ResponseEmployee(employeeId=63d9160dd5dd5f2f18bf902a, employeeName=naveen, employeeDesignation=HR, employeeSalary=1789, employeeDob=2/10/1998, age=24), ResponseEmployee(employeeId=63d93cf0c7fcc25e27120d54, employeeName=test, employeeDesignation=HR, employeeSalary=1789, employeeDob=19/05/1998, age=24), ResponseEmployee(employeeId=63d93da19886060c84d740df, employeeName=test, employeeDesignation=HR, employeeSalary=0, employeeDob=19/05/1998, age=24), ResponseEmployee(employeeId=63d93e489886060c84d740e0, employeeName=test, employeeDesignation=HR, employeeSalary=0, employeeDob=19/05/1998, age=24), ResponseEmployee(employeeId=63da090f91a0ae2e4dcaba0d, employeeName=newTest, employeeDesignation=HR, employeeSalary=78665, employeeDob=19/05/1998, age=24), ResponseEmployee(employeeId=63da2f8524a3325bab48f60e, employeeName=test, employeeDesignation=HR, employeeSalary=23322, employeeDob=19/05/1998, age=24), ResponseEmployee(employeeId=122443, employeeName=test, employeeDesignation=HR, employeeSalary=23322, employeeDob=19/05/1998, age=24)]
2023-02-02 12:41:53 [http-nio-8080-exec-2] INFO  c.s.d.s.i.EmployeeServiceImplementation -
                getAllEmployee in Serive is accessed
2023-02-02 16:18:05 [main] INFO  c.s.demo.DemoApplication -
                Starting DemoApplication using Java 19.0.2 with PID 10064 (/Users/kedarnath-bhat/Downloads/demo/target/classes started by kedarnath-bhat in /Users/kedarnath-bhat/Downloads/demo)
2023-02-02 16:18:05 [main] DEBUG c.s.demo.DemoApplication -
                Running with Spring Boot v3.0.2, Spring v6.0.4
2023-02-02 16:18:05 [main] INFO  c.s.demo.DemoApplication -
                No active profile set, falling back to 1 default profile: "default"
2023-02-02 16:18:05 [main] INFO  c.s.demo.DemoApplication -
                Started DemoApplication in 0.938 seconds (process running for 1.188)
2023-02-02 16:18:29 [http-nio-8080-exec-4] INFO  c.s.d.s.i.EmployeeServiceImplementation -
                getAllEmployee in Serive is accessed [ResponseEmployee(employeeId=63d9151fd5dd5f2f18bf9028, employeeName=manja, employeeDesignation=SEM, employeeSalary=150000, employeeDob=21/09/2003, age=19), ResponseEmployee(employeeId=63d9160dd5dd5f2f18bf902a, employeeName=naveen, employeeDesignation=HR, employeeSalary=1789, employeeDob=2/10/1998, age=24), ResponseEmployee(employeeId=63d93cf0c7fcc25e27120d54, employeeName=test, employeeDesignation=HR, employeeSalary=1789, employeeDob=19/05/1998, age=24), ResponseEmployee(employeeId=63d93da19886060c84d740df, employeeName=test, employeeDesignation=HR, employeeSalary=0, employeeDob=19/05/1998, age=24), ResponseEmployee(employeeId=63d93e489886060c84d740e0, employeeName=test, employeeDesignation=HR, employeeSalary=0, employeeDob=19/05/1998, age=24), ResponseEmployee(employeeId=63da090f91a0ae2e4dcaba0d, employeeName=newTest, employeeDesignation=HR, employeeSalary=78665, employeeDob=19/05/1998, age=24), ResponseEmployee(employeeId=63da2f8524a3325bab48f60e, employeeName=test, employeeDesignation=HR, employeeSalary=23322, employeeDob=19/05/1998, age=24), ResponseEmployee(employeeId=122443, employeeName=test, employeeDesignation=HR, employeeSalary=23322, employeeDob=19/05/1998, age=24)]
2023-02-02 16:43:56 [main] INFO  c.s.demo.DemoApplication -
                Starting DemoApplication using Java 19.0.2 with PID 10235 (/Users/kedarnath-bhat/Downloads/demo/target/classes started by kedarnath-bhat in /Users/kedarnath-bhat/Downloads/demo)
2023-02-02 16:43:56 [main] DEBUG c.s.demo.DemoApplication -
                Running with Spring Boot v3.0.2, Spring v6.0.4
2023-02-02 16:43:56 [main] INFO  c.s.demo.DemoApplication -
                No active profile set, falling back to 1 default profile: "default"
2023-02-02 16:43:57 [main] INFO  c.s.demo.DemoApplication -
                Started DemoApplication in 0.908 seconds (process running for 1.143)
2023-02-02 16:50:50 [main] INFO  c.s.demo.DemoApplication -
                Starting DemoApplication using Java 19.0.2 with PID 10341 (/Users/kedarnath-bhat/Downloads/demo/target/classes started by kedarnath-bhat in /Users/kedarnath-bhat/Downloads/demo)
2023-02-02 16:50:50 [main] DEBUG c.s.demo.DemoApplication -
                Running with Spring Boot v3.0.2, Spring v6.0.4
2023-02-02 16:50:50 [main] INFO  c.s.demo.DemoApplication -
                No active profile set, falling back to 1 default profile: "default"
2023-02-02 16:50:51 [main] INFO  c.s.demo.DemoApplication -
                Started DemoApplication in 0.896 seconds (process running for 1.132)
2023-02-02 18:52:19 [main] INFO  c.s.demo.DemoApplication -
                Starting DemoApplication using Java 19.0.2 with PID 10803 (/Users/kedarnath-bhat/Downloads/demo/target/classes started by kedarnath-bhat in /Users/kedarnath-bhat/Downloads/demo)
2023-02-02 18:52:19 [main] DEBUG c.s.demo.DemoApplication -
                Running with Spring Boot v3.0.2, Spring v6.0.4
2023-02-02 18:52:19 [main] INFO  c.s.demo.DemoApplication -
                No active profile set, falling back to 1 default profile: "default"
2023-02-02 18:52:19 [main] INFO  c.s.demo.DemoApplication -
                Started DemoApplication in 0.928 seconds (process running for 1.168)
2023-02-02 18:53:07 [main] INFO  c.s.demo.DemoApplication -
                Starting DemoApplication using Java 19.0.2 with PID 10812 (/Users/kedarnath-bhat/Downloads/demo/target/classes started by kedarnath-bhat in /Users/kedarnath-bhat/Downloads/demo)
2023-02-02 18:53:07 [main] DEBUG c.s.demo.DemoApplication -
                Running with Spring Boot v3.0.2, Spring v6.0.4
2023-02-02 18:53:07 [main] INFO  c.s.demo.DemoApplication -
                No active profile set, falling back to 1 default profile: "default"
2023-02-02 18:53:08 [main] INFO  c.s.demo.DemoApplication -
                Started DemoApplication in 0.97 seconds (process running for 1.202)
2023-02-02 18:53:38 [http-nio-8080-exec-1] INFO  c.s.d.s.i.EmployeeServiceImplementation -
                getAllEmployee in Serive is accessed [ResponseEmployee(employeeId=63d9151fd5dd5f2f18bf9028, employeeName=manja, employeeDesignation=SEM, employeeSalary=150000, employeeDob=21/09/2003, age=19), ResponseEmployee(employeeId=63d9160dd5dd5f2f18bf902a, employeeName=naveen, employeeDesignation=HR, employeeSalary=1789, employeeDob=2/10/1998, age=24), ResponseEmployee(employeeId=63d93cf0c7fcc25e27120d54, employeeName=test, employeeDesignation=HR, employeeSalary=1789, employeeDob=19/05/1998, age=24), ResponseEmployee(employeeId=63d93da19886060c84d740df, employeeName=test, employeeDesignation=HR, employeeSalary=0, employeeDob=19/05/1998, age=24), ResponseEmployee(employeeId=63d93e489886060c84d740e0, employeeName=test, employeeDesignation=HR, employeeSalary=0, employeeDob=19/05/1998, age=24), ResponseEmployee(employeeId=63da090f91a0ae2e4dcaba0d, employeeName=newTest, employeeDesignation=HR, employeeSalary=78665, employeeDob=19/05/1998, age=24), ResponseEmployee(employeeId=63da2f8524a3325bab48f60e, employeeName=test, employeeDesignation=HR, employeeSalary=23322, employeeDob=19/05/1998, age=24), ResponseEmployee(employeeId=122443, employeeName=test, employeeDesignation=HR, employeeSalary=23322, employeeDob=19/05/1998, age=24)]
2023-02-02 18:54:51 [http-nio-8080-exec-4] INFO  c.s.d.s.i.EmployeeServiceImplementation -
                getAllEmployee in Serive is accessed [ResponseEmployee(employeeId=63d9151fd5dd5f2f18bf9028, employeeName=manja, employeeDesignation=SEM, employeeSalary=150000, employeeDob=21/09/2003, age=19), ResponseEmployee(employeeId=63d9160dd5dd5f2f18bf902a, employeeName=naveen, employeeDesignation=HR, employeeSalary=1789, employeeDob=2/10/1998, age=24), ResponseEmployee(employeeId=63d93cf0c7fcc25e27120d54, employeeName=test, employeeDesignation=HR, employeeSalary=1789, employeeDob=19/05/1998, age=24), ResponseEmployee(employeeId=63d93da19886060c84d740df, employeeName=test, employeeDesignation=HR, employeeSalary=0, employeeDob=19/05/1998, age=24), ResponseEmployee(employeeId=63d93e489886060c84d740e0, employeeName=test, employeeDesignation=HR, employeeSalary=0, employeeDob=19/05/1998, age=24), ResponseEmployee(employeeId=63da090f91a0ae2e4dcaba0d, employeeName=newTest, employeeDesignation=HR, employeeSalary=78665, employeeDob=19/05/1998, age=24), ResponseEmployee(employeeId=63da2f8524a3325bab48f60e, employeeName=test, employeeDesignation=HR, employeeSalary=23322, employeeDob=19/05/1998, age=24), ResponseEmployee(employeeId=122443, employeeName=test, employeeDesignation=HR, employeeSalary=23322, employeeDob=19/05/1998, age=24)]
2023-02-02 21:25:20 [main] INFO  c.s.demo.DemoApplication -
                Starting DemoApplication using Java 19.0.2 with PID 11585 (/Users/kedarnath-bhat/Downloads/demo/target/classes started by kedarnath-bhat in /Users/kedarnath-bhat/Downloads/demo)
2023-02-02 21:25:20 [main] DEBUG c.s.demo.DemoApplication -
                Running with Spring Boot v3.0.2, Spring v6.0.4
2023-02-02 21:25:20 [main] INFO  c.s.demo.DemoApplication -
                No active profile set, falling back to 1 default profile: "default"
2023-02-02 21:25:21 [main] INFO  c.s.demo.DemoApplication -
                Started DemoApplication in 0.956 seconds (process running for 1.217)
2023-02-02 21:25:42 [http-nio-8080-exec-1] INFO  c.s.d.s.i.EmployeeServiceImplementation -
                getAllEmployee in Serive is accessed [ResponseEmployee(employeeId=63d9151fd5dd5f2f18bf9028, employeeName=manja, employeeDesignation=SEM, employeeSalary=150000, employeeDob=21/09/2003, age=19), ResponseEmployee(employeeId=63d9160dd5dd5f2f18bf902a, employeeName=naveen, employeeDesignation=HR, employeeSalary=1789, employeeDob=2/10/1998, age=24), ResponseEmployee(employeeId=63d93cf0c7fcc25e27120d54, employeeName=test, employeeDesignation=HR, employeeSalary=1789, employeeDob=19/05/1998, age=24), ResponseEmployee(employeeId=63d93da19886060c84d740df, employeeName=test, employeeDesignation=HR, employeeSalary=0, employeeDob=19/05/1998, age=24), ResponseEmployee(employeeId=63d93e489886060c84d740e0, employeeName=test, employeeDesignation=HR, employeeSalary=0, employeeDob=19/05/1998, age=24), ResponseEmployee(employeeId=63da090f91a0ae2e4dcaba0d, employeeName=newTest, employeeDesignation=HR, employeeSalary=78665, employeeDob=19/05/1998, age=24), ResponseEmployee(employeeId=63da2f8524a3325bab48f60e, employeeName=test, employeeDesignation=HR, employeeSalary=23322, employeeDob=19/05/1998, age=24), ResponseEmployee(employeeId=122443, employeeName=test, employeeDesignation=HR, employeeSalary=23322, employeeDob=19/05/1998, age=24)]
2023-02-02 21:26:17 [http-nio-8080-exec-4] INFO  c.s.d.s.i.EmployeeServiceImplementation -
                getAllEmployee in Serive is accessed [ResponseEmployee(employeeId=63d9160dd5dd5f2f18bf902a, employeeName=naveen, employeeDesignation=HR, employeeSalary=1789, employeeDob=2/10/1998, age=24), ResponseEmployee(employeeId=63d93cf0c7fcc25e27120d54, employeeName=test, employeeDesignation=HR, employeeSalary=1789, employeeDob=19/05/1998, age=24), ResponseEmployee(employeeId=63d93da19886060c84d740df, employeeName=test, employeeDesignation=HR, employeeSalary=0, employeeDob=19/05/1998, age=24), ResponseEmployee(employeeId=63d93e489886060c84d740e0, employeeName=test, employeeDesignation=HR, employeeSalary=0, employeeDob=19/05/1998, age=24), ResponseEmployee(employeeId=63da090f91a0ae2e4dcaba0d, employeeName=newTest, employeeDesignation=HR, employeeSalary=78665, employeeDob=19/05/1998, age=24), ResponseEmployee(employeeId=63da2f8524a3325bab48f60e, employeeName=test, employeeDesignation=HR, employeeSalary=23322, employeeDob=19/05/1998, age=24), ResponseEmployee(employeeId=122443, employeeName=test, employeeDesignation=HR, employeeSalary=23322, employeeDob=19/05/1998, age=24)]
2023-02-02 22:23:18 [main] INFO  c.s.demo.DemoApplication -
                Starting DemoApplication using Java 19.0.2 with PID 12168 (/Users/kedarnath-bhat/Downloads/demo/target/classes started by kedarnath-bhat in /Users/kedarnath-bhat/Downloads/demo)
2023-02-02 22:23:18 [main] DEBUG c.s.demo.DemoApplication -
                Running with Spring Boot v3.0.2, Spring v6.0.4
2023-02-02 22:23:18 [main] INFO  c.s.demo.DemoApplication -
                No active profile set, falling back to 1 default profile: "default"
2023-02-02 22:23:19 [main] INFO  c.s.demo.DemoApplication -
                Started DemoApplication in 0.895 seconds (process running for 1.138)
