2023-02-06 16:49:17 [main] INFO  c.s.demo.DemoApplication -
                Starting DemoApplication using Java 19.0.2 with PID 3663 (/Users/kedarnath-bhat/Downloads/demo/target/classes started by kedarnath-bhat in /Users/kedarnath-bhat/Downloads/demo)
2023-02-06 16:49:17 [main] DEBUG c.s.demo.DemoApplication -
                Running with Spring Boot v3.0.2, Spring v6.0.4
2023-02-06 16:49:17 [main] INFO  c.s.demo.DemoApplication -
                No active profile set, falling back to 1 default profile: "default"
2023-02-06 16:49:18 [main] INFO  c.s.demo.DemoApplication -
                Started DemoApplication in 0.953 seconds (process running for 1.286)
2023-02-06 16:49:31 [http-nio-8080-exec-2] INFO  c.s.d.s.impl.EmployeeServiceImpl -
                getAllEmployee in Service is accessed [ResponseEmployee(employeeId=63d9160dd5dd5f2f18bf902a, employeeName=naveen, employeeDesignation=HR, employeeSalary=1789, employeeDob=2/10/1998, age=24), ResponseEmployee(employeeId=63d93cf0c7fcc25e27120d54, employeeName=test, employeeDesignation=HR, employeeSalary=1789, employeeDob=19/05/1998, age=24), ResponseEmployee(employeeId=63d93da19886060c84d740df, employeeName=test, employeeDesignation=SEM, employeeSalary=5664, employeeDob=19/05/1998, age=24), ResponseEmployee(employeeId=63d93e489886060c84d740e0, employeeName=test, employeeDesignation=HR, employeeSalary=0, employeeDob=19/05/1998, age=24), ResponseEmployee(employeeId=63da090f91a0ae2e4dcaba0d, employeeName=newTest, employeeDesignation=HR, employeeSalary=78665, employeeDob=19/05/1998, age=24), ResponseEmployee(employeeId=63da2f8524a3325bab48f60e, employeeName=test, employeeDesignation=HR, employeeSalary=23322, employeeDob=19/05/1998, age=24), ResponseEmployee(employeeId=122443, employeeName=test, employeeDesignation=HR, employeeSalary=23322, employeeDob=19/05/1998, age=24)]
2023-02-06 16:54:35 [main] INFO  c.s.demo.DemoApplicationTests -
                Starting DemoApplicationTests using Java 19.0.2 with PID 3731 (started by kedarnath-bhat in /Users/kedarnath-bhat/Downloads/demo)
2023-02-06 16:54:35 [main] DEBUG c.s.demo.DemoApplicationTests -
                Running with Spring Boot v3.0.2, Spring v6.0.4
2023-02-06 16:54:35 [main] INFO  c.s.demo.DemoApplicationTests -
                No active profile set, falling back to 1 default profile: "default"
2023-02-06 16:54:36 [main] INFO  c.s.demo.DemoApplicationTests -
                Started DemoApplicationTests in 0.741 seconds (process running for 1.164)
2023-02-06 16:56:33 [main] INFO  c.s.demo.DemoApplicationTests -
                Starting DemoApplicationTests using Java 19.0.2 with PID 3767 (started by kedarnath-bhat in /Users/kedarnath-bhat/Downloads/demo)
2023-02-06 16:56:33 [main] DEBUG c.s.demo.DemoApplicationTests -
                Running with Spring Boot v3.0.2, Spring v6.0.4
2023-02-06 16:56:33 [main] INFO  c.s.demo.DemoApplicationTests -
                No active profile set, falling back to 1 default profile: "default"
2023-02-06 16:56:34 [main] INFO  c.s.demo.DemoApplicationTests -
                Started DemoApplicationTests in 0.821 seconds (process running for 1.264)
2023-02-06 16:56:34 [http-nio-8080-exec-4] INFO  c.s.d.s.impl.EmployeeServiceImpl -
                getAllEmployee in Service is accessed [ResponseEmployee(employeeId=63d9160dd5dd5f2f18bf902a, employeeName=naveen, employeeDesignation=HR, employeeSalary=1789, employeeDob=2/10/1998, age=24), ResponseEmployee(employeeId=63d93cf0c7fcc25e27120d54, employeeName=test, employeeDesignation=HR, employeeSalary=1789, employeeDob=19/05/1998, age=24), ResponseEmployee(employeeId=63d93da19886060c84d740df, employeeName=test, employeeDesignation=SEM, employeeSalary=5664, employeeDob=19/05/1998, age=24), ResponseEmployee(employeeId=63d93e489886060c84d740e0, employeeName=test, employeeDesignation=HR, employeeSalary=0, employeeDob=19/05/1998, age=24), ResponseEmployee(employeeId=63da090f91a0ae2e4dcaba0d, employeeName=newTest, employeeDesignation=HR, employeeSalary=78665, employeeDob=19/05/1998, age=24), ResponseEmployee(employeeId=63da2f8524a3325bab48f60e, employeeName=test, employeeDesignation=HR, employeeSalary=23322, employeeDob=19/05/1998, age=24), ResponseEmployee(employeeId=122443, employeeName=test, employeeDesignation=HR, employeeSalary=23322, employeeDob=19/05/1998, age=24)]
2023-02-06 16:57:59 [main] INFO  c.s.demo.DemoApplicationTests -
                Starting DemoApplicationTests using Java 19.0.2 with PID 3899 (started by kedarnath-bhat in /Users/kedarnath-bhat/Downloads/demo)
2023-02-06 16:57:59 [main] DEBUG c.s.demo.DemoApplicationTests -
                Running with Spring Boot v3.0.2, Spring v6.0.4
2023-02-06 16:57:59 [main] INFO  c.s.demo.DemoApplicationTests -
                No active profile set, falling back to 1 default profile: "default"
2023-02-06 16:58:00 [main] INFO  c.s.demo.DemoApplicationTests -
                Started DemoApplicationTests in 0.939 seconds (process running for 1.759)
2023-02-06 16:58:00 [http-nio-8080-exec-6] INFO  c.s.d.s.impl.EmployeeServiceImpl -
                getAllEmployee in Service is accessed [ResponseEmployee(employeeId=63d9160dd5dd5f2f18bf902a, employeeName=naveen, employeeDesignation=HR, employeeSalary=1789, employeeDob=2/10/1998, age=24), ResponseEmployee(employeeId=63d93cf0c7fcc25e27120d54, employeeName=test, employeeDesignation=HR, employeeSalary=1789, employeeDob=19/05/1998, age=24), ResponseEmployee(employeeId=63d93da19886060c84d740df, employeeName=test, employeeDesignation=SEM, employeeSalary=5664, employeeDob=19/05/1998, age=24), ResponseEmployee(employeeId=63d93e489886060c84d740e0, employeeName=test, employeeDesignation=HR, employeeSalary=0, employeeDob=19/05/1998, age=24), ResponseEmployee(employeeId=63da090f91a0ae2e4dcaba0d, employeeName=newTest, employeeDesignation=HR, employeeSalary=78665, employeeDob=19/05/1998, age=24), ResponseEmployee(employeeId=63da2f8524a3325bab48f60e, employeeName=test, employeeDesignation=HR, employeeSalary=23322, employeeDob=19/05/1998, age=24), ResponseEmployee(employeeId=122443, employeeName=test, employeeDesignation=HR, employeeSalary=23322, employeeDob=19/05/1998, age=24)]
2023-02-06 17:03:36 [main] INFO  c.s.demo.DemoApplicationTests -
                Starting DemoApplicationTests using Java 19.0.2 with PID 3988 (started by kedarnath-bhat in /Users/kedarnath-bhat/Downloads/demo)
2023-02-06 17:03:36 [main] DEBUG c.s.demo.DemoApplicationTests -
                Running with Spring Boot v3.0.2, Spring v6.0.4
2023-02-06 17:03:36 [main] INFO  c.s.demo.DemoApplicationTests -
                No active profile set, falling back to 1 default profile: "default"
2023-02-06 17:03:36 [main] INFO  c.s.demo.DemoApplicationTests -
                Started DemoApplicationTests in 0.844 seconds (process running for 1.263)
2023-02-06 17:03:36 [http-nio-8080-exec-8] INFO  c.s.d.s.impl.EmployeeServiceImpl -
                getAllEmployee in Service is accessed [ResponseEmployee(employeeId=63d9160dd5dd5f2f18bf902a, employeeName=naveen, employeeDesignation=HR, employeeSalary=1789, employeeDob=2/10/1998, age=24), ResponseEmployee(employeeId=63d93cf0c7fcc25e27120d54, employeeName=test, employeeDesignation=HR, employeeSalary=1789, employeeDob=19/05/1998, age=24), ResponseEmployee(employeeId=63d93da19886060c84d740df, employeeName=test, employeeDesignation=SEM, employeeSalary=5664, employeeDob=19/05/1998, age=24), ResponseEmployee(employeeId=63d93e489886060c84d740e0, employeeName=test, employeeDesignation=HR, employeeSalary=0, employeeDob=19/05/1998, age=24), ResponseEmployee(employeeId=63da090f91a0ae2e4dcaba0d, employeeName=newTest, employeeDesignation=HR, employeeSalary=78665, employeeDob=19/05/1998, age=24), ResponseEmployee(employeeId=63da2f8524a3325bab48f60e, employeeName=test, employeeDesignation=HR, employeeSalary=23322, employeeDob=19/05/1998, age=24), ResponseEmployee(employeeId=122443, employeeName=test, employeeDesignation=HR, employeeSalary=23322, employeeDob=19/05/1998, age=24)]
2023-02-06 17:04:25 [main] INFO  c.s.demo.DemoApplicationTests -
                Starting DemoApplicationTests using Java 19.0.2 with PID 3998 (started by kedarnath-bhat in /Users/kedarnath-bhat/Downloads/demo)
2023-02-06 17:04:25 [main] DEBUG c.s.demo.DemoApplicationTests -
                Running with Spring Boot v3.0.2, Spring v6.0.4
2023-02-06 17:04:25 [main] INFO  c.s.demo.DemoApplicationTests -
                No active profile set, falling back to 1 default profile: "default"
2023-02-06 17:04:26 [main] INFO  c.s.demo.DemoApplicationTests -
                Started DemoApplicationTests in 0.833 seconds (process running for 1.255)
2023-02-06 17:04:26 [http-nio-8080-exec-10] INFO  c.s.d.s.impl.EmployeeServiceImpl -
                getAllEmployee in Service is accessed [ResponseEmployee(employeeId=63d9160dd5dd5f2f18bf902a, employeeName=naveen, employeeDesignation=HR, employeeSalary=1789, employeeDob=2/10/1998, age=24), ResponseEmployee(employeeId=63d93cf0c7fcc25e27120d54, employeeName=test, employeeDesignation=HR, employeeSalary=1789, employeeDob=19/05/1998, age=24), ResponseEmployee(employeeId=63d93da19886060c84d740df, employeeName=test, employeeDesignation=SEM, employeeSalary=5664, employeeDob=19/05/1998, age=24), ResponseEmployee(employeeId=63d93e489886060c84d740e0, employeeName=test, employeeDesignation=HR, employeeSalary=0, employeeDob=19/05/1998, age=24), ResponseEmployee(employeeId=63da090f91a0ae2e4dcaba0d, employeeName=newTest, employeeDesignation=HR, employeeSalary=78665, employeeDob=19/05/1998, age=24), ResponseEmployee(employeeId=63da2f8524a3325bab48f60e, employeeName=test, employeeDesignation=HR, employeeSalary=23322, employeeDob=19/05/1998, age=24), ResponseEmployee(employeeId=122443, employeeName=test, employeeDesignation=HR, employeeSalary=23322, employeeDob=19/05/1998, age=24)]
2023-02-06 17:24:20 [main] INFO  c.s.demo.DemoApplicationTests -
                Starting DemoApplicationTests using Java 19.0.2 with PID 4063 (started by kedarnath-bhat in /Users/kedarnath-bhat/Downloads/demo)
2023-02-06 17:24:20 [main] DEBUG c.s.demo.DemoApplicationTests -
                Running with Spring Boot v3.0.2, Spring v6.0.4
2023-02-06 17:24:20 [main] INFO  c.s.demo.DemoApplicationTests -
                No active profile set, falling back to 1 default profile: "default"
2023-02-06 17:24:21 [main] INFO  c.s.demo.DemoApplicationTests -
                Started DemoApplicationTests in 0.846 seconds (process running for 1.268)
2023-02-06 17:24:21 [http-nio-8080-exec-3] INFO  c.s.d.s.impl.EmployeeServiceImpl -
                getAllEmployee in Service is accessed [ResponseEmployee(employeeId=63d9160dd5dd5f2f18bf902a, employeeName=naveen, employeeDesignation=HR, employeeSalary=1789, employeeDob=2/10/1998, age=24), ResponseEmployee(employeeId=63d93cf0c7fcc25e27120d54, employeeName=test, employeeDesignation=HR, employeeSalary=1789, employeeDob=19/05/1998, age=24), ResponseEmployee(employeeId=63d93da19886060c84d740df, employeeName=test, employeeDesignation=SEM, employeeSalary=5664, employeeDob=19/05/1998, age=24), ResponseEmployee(employeeId=63d93e489886060c84d740e0, employeeName=test, employeeDesignation=HR, employeeSalary=0, employeeDob=19/05/1998, age=24), ResponseEmployee(employeeId=63da090f91a0ae2e4dcaba0d, employeeName=newTest, employeeDesignation=HR, employeeSalary=78665, employeeDob=19/05/1998, age=24), ResponseEmployee(employeeId=63da2f8524a3325bab48f60e, employeeName=test, employeeDesignation=HR, employeeSalary=23322, employeeDob=19/05/1998, age=24), ResponseEmployee(employeeId=122443, employeeName=test, employeeDesignation=HR, employeeSalary=23322, employeeDob=19/05/1998, age=24)]
2023-02-06 17:24:36 [http-nio-8080-exec-6] INFO  c.s.d.s.impl.EmployeeServiceImpl -
                getAllEmployee in Service is accessed [ResponseEmployee(employeeId=63d9160dd5dd5f2f18bf902a, employeeName=naveen, employeeDesignation=HR, employeeSalary=1789, employeeDob=2/10/1998, age=24), ResponseEmployee(employeeId=63d93cf0c7fcc25e27120d54, employeeName=test, employeeDesignation=HR, employeeSalary=1789, employeeDob=19/05/1998, age=24), ResponseEmployee(employeeId=63d93da19886060c84d740df, employeeName=test, employeeDesignation=SEM, employeeSalary=5664, employeeDob=19/05/1998, age=24), ResponseEmployee(employeeId=63d93e489886060c84d740e0, employeeName=test, employeeDesignation=HR, employeeSalary=0, employeeDob=19/05/1998, age=24), ResponseEmployee(employeeId=63da090f91a0ae2e4dcaba0d, employeeName=newTest, employeeDesignation=HR, employeeSalary=78665, employeeDob=19/05/1998, age=24), ResponseEmployee(employeeId=63da2f8524a3325bab48f60e, employeeName=test, employeeDesignation=HR, employeeSalary=23322, employeeDob=19/05/1998, age=24), ResponseEmployee(employeeId=122443, employeeName=test, employeeDesignation=HR, employeeSalary=23322, employeeDob=19/05/1998, age=24)]
2023-02-06 17:26:38 [main] INFO  c.s.demo.DemoApplicationTests -
                Starting DemoApplicationTests using Java 19.0.2 with PID 4069 (started by kedarnath-bhat in /Users/kedarnath-bhat/Downloads/demo)
2023-02-06 17:26:38 [main] DEBUG c.s.demo.DemoApplicationTests -
                Running with Spring Boot v3.0.2, Spring v6.0.4
2023-02-06 17:26:38 [main] INFO  c.s.demo.DemoApplicationTests -
                No active profile set, falling back to 1 default profile: "default"
2023-02-06 17:26:39 [main] INFO  c.s.demo.DemoApplicationTests -
                Started DemoApplicationTests in 0.78 seconds (process running for 1.187)
2023-02-06 17:26:39 [http-nio-8080-exec-9] INFO  c.s.d.s.impl.EmployeeServiceImpl -
                getAllEmployee in Service is accessed [ResponseEmployee(employeeId=63d9160dd5dd5f2f18bf902a, employeeName=naveen, employeeDesignation=HR, employeeSalary=1789, employeeDob=2/10/1998, age=24), ResponseEmployee(employeeId=63d93cf0c7fcc25e27120d54, employeeName=test, employeeDesignation=HR, employeeSalary=1789, employeeDob=19/05/1998, age=24), ResponseEmployee(employeeId=63d93da19886060c84d740df, employeeName=test, employeeDesignation=SEM, employeeSalary=5664, employeeDob=19/05/1998, age=24), ResponseEmployee(employeeId=63d93e489886060c84d740e0, employeeName=test, employeeDesignation=HR, employeeSalary=0, employeeDob=19/05/1998, age=24), ResponseEmployee(employeeId=63da090f91a0ae2e4dcaba0d, employeeName=newTest, employeeDesignation=HR, employeeSalary=78665, employeeDob=19/05/1998, age=24), ResponseEmployee(employeeId=63da2f8524a3325bab48f60e, employeeName=test, employeeDesignation=HR, employeeSalary=23322, employeeDob=19/05/1998, age=24), ResponseEmployee(employeeId=122443, employeeName=test, employeeDesignation=HR, employeeSalary=23322, employeeDob=19/05/1998, age=24)]
2023-02-06 17:27:01 [main] INFO  c.s.demo.DemoApplicationTests -
                Starting DemoApplicationTests using Java 19.0.2 with PID 4077 (started by kedarnath-bhat in /Users/kedarnath-bhat/Downloads/demo)
2023-02-06 17:27:01 [main] DEBUG c.s.demo.DemoApplicationTests -
                Running with Spring Boot v3.0.2, Spring v6.0.4
2023-02-06 17:27:01 [main] INFO  c.s.demo.DemoApplicationTests -
                No active profile set, falling back to 1 default profile: "default"
2023-02-06 17:27:02 [main] INFO  c.s.demo.DemoApplicationTests -
                Started DemoApplicationTests in 0.951 seconds (process running for 1.473)
2023-02-06 17:27:02 [http-nio-8080-exec-1] INFO  c.s.d.s.impl.EmployeeServiceImpl -
                getAllEmployee in Service is accessed [ResponseEmployee(employeeId=63d9160dd5dd5f2f18bf902a, employeeName=naveen, employeeDesignation=HR, employeeSalary=1789, employeeDob=2/10/1998, age=24), ResponseEmployee(employeeId=63d93cf0c7fcc25e27120d54, employeeName=test, employeeDesignation=HR, employeeSalary=1789, employeeDob=19/05/1998, age=24), ResponseEmployee(employeeId=63d93da19886060c84d740df, employeeName=test, employeeDesignation=SEM, employeeSalary=5664, employeeDob=19/05/1998, age=24), ResponseEmployee(employeeId=63d93e489886060c84d740e0, employeeName=test, employeeDesignation=HR, employeeSalary=0, employeeDob=19/05/1998, age=24), ResponseEmployee(employeeId=63da090f91a0ae2e4dcaba0d, employeeName=newTest, employeeDesignation=HR, employeeSalary=78665, employeeDob=19/05/1998, age=24), ResponseEmployee(employeeId=63da2f8524a3325bab48f60e, employeeName=test, employeeDesignation=HR, employeeSalary=23322, employeeDob=19/05/1998, age=24), ResponseEmployee(employeeId=122443, employeeName=test, employeeDesignation=HR, employeeSalary=23322, employeeDob=19/05/1998, age=24)]
2023-02-06 17:27:32 [main] INFO  c.s.demo.DemoApplicationTests -
                Starting DemoApplicationTests using Java 19.0.2 with PID 4081 (started by kedarnath-bhat in /Users/kedarnath-bhat/Downloads/demo)
2023-02-06 17:27:32 [main] DEBUG c.s.demo.DemoApplicationTests -
                Running with Spring Boot v3.0.2, Spring v6.0.4
2023-02-06 17:27:32 [main] INFO  c.s.demo.DemoApplicationTests -
                No active profile set, falling back to 1 default profile: "default"
2023-02-06 17:27:33 [main] INFO  c.s.demo.DemoApplicationTests -
                Started DemoApplicationTests in 0.9 seconds (process running for 1.339)
2023-02-06 17:27:33 [http-nio-8080-exec-4] INFO  c.s.d.s.impl.EmployeeServiceImpl -
                getAllEmployee in Service is accessed [ResponseEmployee(employeeId=63d9160dd5dd5f2f18bf902a, employeeName=naveen, employeeDesignation=HR, employeeSalary=1789, employeeDob=2/10/1998, age=24), ResponseEmployee(employeeId=63d93cf0c7fcc25e27120d54, employeeName=test, employeeDesignation=HR, employeeSalary=1789, employeeDob=19/05/1998, age=24), ResponseEmployee(employeeId=63d93da19886060c84d740df, employeeName=test, employeeDesignation=SEM, employeeSalary=5664, employeeDob=19/05/1998, age=24), ResponseEmployee(employeeId=63d93e489886060c84d740e0, employeeName=test, employeeDesignation=HR, employeeSalary=0, employeeDob=19/05/1998, age=24), ResponseEmployee(employeeId=63da090f91a0ae2e4dcaba0d, employeeName=newTest, employeeDesignation=HR, employeeSalary=78665, employeeDob=19/05/1998, age=24), ResponseEmployee(employeeId=63da2f8524a3325bab48f60e, employeeName=test, employeeDesignation=HR, employeeSalary=23322, employeeDob=19/05/1998, age=24), ResponseEmployee(employeeId=122443, employeeName=test, employeeDesignation=HR, employeeSalary=23322, employeeDob=19/05/1998, age=24)]
2023-02-06 17:28:24 [http-nio-8080-exec-7] INFO  c.s.d.s.impl.EmployeeServiceImpl -
                getAllEmployee in Service is accessed [ResponseEmployee(employeeId=63d9160dd5dd5f2f18bf902a, employeeName=naveen, employeeDesignation=HR, employeeSalary=1789, employeeDob=2/10/1998, age=24), ResponseEmployee(employeeId=63d93cf0c7fcc25e27120d54, employeeName=test, employeeDesignation=HR, employeeSalary=1789, employeeDob=19/05/1998, age=24), ResponseEmployee(employeeId=63d93da19886060c84d740df, employeeName=test, employeeDesignation=SEM, employeeSalary=5664, employeeDob=19/05/1998, age=24), ResponseEmployee(employeeId=63d93e489886060c84d740e0, employeeName=test, employeeDesignation=HR, employeeSalary=0, employeeDob=19/05/1998, age=24), ResponseEmployee(employeeId=63da090f91a0ae2e4dcaba0d, employeeName=newTest, employeeDesignation=HR, employeeSalary=78665, employeeDob=19/05/1998, age=24), ResponseEmployee(employeeId=63da2f8524a3325bab48f60e, employeeName=test, employeeDesignation=HR, employeeSalary=23322, employeeDob=19/05/1998, age=24), ResponseEmployee(employeeId=122443, employeeName=test, employeeDesignation=HR, employeeSalary=23322, employeeDob=19/05/1998, age=24)]
2023-02-06 17:28:47 [http-nio-8080-exec-9] DEBUG c.s.d.controller.EmployeeController -
                CreateEmployeeRequest(employeeId=null, employeeName=for_test, employeeDesignation=test, employeeDob=02/10/1998, employeeSalary=25000, employee=null)
2023-02-06 17:31:26 [main] INFO  c.s.demo.DemoApplication -
                Starting DemoApplication using Java 19.0.2 with PID 4109 (/Users/kedarnath-bhat/Downloads/demo/target/classes started by kedarnath-bhat in /Users/kedarnath-bhat/Downloads/demo)
2023-02-06 17:31:26 [main] DEBUG c.s.demo.DemoApplication -
                Running with Spring Boot v3.0.2, Spring v6.0.4
2023-02-06 17:31:26 [main] INFO  c.s.demo.DemoApplication -
                No active profile set, falling back to 1 default profile: "default"
2023-02-06 17:31:27 [main] INFO  c.s.demo.DemoApplication -
                Started DemoApplication in 0.899 seconds (process running for 1.132)
2023-02-06 17:31:32 [http-nio-8080-exec-2] DEBUG c.s.d.controller.EmployeeController -
                CreateEmployeeRequest(employeeId=null, employeeName=for_test, employeeDesignation=test, employeeDob=02/10/1998, employeeSalary=25000, employee=null)
2023-02-06 17:31:38 [http-nio-8080-exec-3] INFO  c.s.d.s.impl.EmployeeServiceImpl -
                getAllEmployee in Service is accessed [ResponseEmployee(employeeId=63d9160dd5dd5f2f18bf902a, employeeName=naveen, employeeDesignation=HR, employeeSalary=1789, employeeDob=2/10/1998, age=24), ResponseEmployee(employeeId=63d93cf0c7fcc25e27120d54, employeeName=test, employeeDesignation=HR, employeeSalary=1789, employeeDob=19/05/1998, age=24), ResponseEmployee(employeeId=63d93da19886060c84d740df, employeeName=test, employeeDesignation=SEM, employeeSalary=5664, employeeDob=19/05/1998, age=24), ResponseEmployee(employeeId=63d93e489886060c84d740e0, employeeName=test, employeeDesignation=HR, employeeSalary=0, employeeDob=19/05/1998, age=24), ResponseEmployee(employeeId=63da090f91a0ae2e4dcaba0d, employeeName=newTest, employeeDesignation=HR, employeeSalary=78665, employeeDob=19/05/1998, age=24), ResponseEmployee(employeeId=63da2f8524a3325bab48f60e, employeeName=test, employeeDesignation=HR, employeeSalary=23322, employeeDob=19/05/1998, age=24), ResponseEmployee(employeeId=122443, employeeName=test, employeeDesignation=HR, employeeSalary=23322, employeeDob=19/05/1998, age=24), ResponseEmployee(employeeId=63e0eb7735c8351b10e2156c, employeeName=for_test, employeeDesignation=test, employeeSalary=25000, employeeDob=02/10/1998, age=24), ResponseEmployee(employeeId=63e0ec1c00cae64d8107b030, employeeName=for_test, employeeDesignation=test, employeeSalary=25000, employeeDob=02/10/1998, age=24)]
2023-02-06 17:32:54 [main] INFO  c.s.demo.DemoApplicationTests -
                Starting DemoApplicationTests using Java 19.0.2 with PID 4122 (started by kedarnath-bhat in /Users/kedarnath-bhat/Downloads/demo)
2023-02-06 17:32:54 [main] DEBUG c.s.demo.DemoApplicationTests -
                Running with Spring Boot v3.0.2, Spring v6.0.4
2023-02-06 17:32:54 [main] INFO  c.s.demo.DemoApplicationTests -
                No active profile set, falling back to 1 default profile: "default"
2023-02-06 17:32:55 [main] INFO  c.s.demo.DemoApplicationTests -
                Started DemoApplicationTests in 0.809 seconds (process running for 1.24)
2023-02-06 17:32:55 [http-nio-8080-exec-6] INFO  c.s.d.s.impl.EmployeeServiceImpl -
                getAllEmployee in Service is accessed [ResponseEmployee(employeeId=63d9160dd5dd5f2f18bf902a, employeeName=naveen, employeeDesignation=HR, employeeSalary=1789, employeeDob=2/10/1998, age=24), ResponseEmployee(employeeId=63d93cf0c7fcc25e27120d54, employeeName=test, employeeDesignation=HR, employeeSalary=1789, employeeDob=19/05/1998, age=24), ResponseEmployee(employeeId=63d93da19886060c84d740df, employeeName=test, employeeDesignation=SEM, employeeSalary=5664, employeeDob=19/05/1998, age=24), ResponseEmployee(employeeId=63d93e489886060c84d740e0, employeeName=test, employeeDesignation=HR, employeeSalary=0, employeeDob=19/05/1998, age=24), ResponseEmployee(employeeId=63da090f91a0ae2e4dcaba0d, employeeName=newTest, employeeDesignation=HR, employeeSalary=78665, employeeDob=19/05/1998, age=24), ResponseEmployee(employeeId=63da2f8524a3325bab48f60e, employeeName=test, employeeDesignation=HR, employeeSalary=23322, employeeDob=19/05/1998, age=24), ResponseEmployee(employeeId=122443, employeeName=test, employeeDesignation=HR, employeeSalary=23322, employeeDob=19/05/1998, age=24), ResponseEmployee(employeeId=63e0eb7735c8351b10e2156c, employeeName=for_test, employeeDesignation=test, employeeSalary=25000, employeeDob=02/10/1998, age=24), ResponseEmployee(employeeId=63e0ec1c00cae64d8107b030, employeeName=for_test, employeeDesignation=test, employeeSalary=25000, employeeDob=02/10/1998, age=24)]
2023-02-06 17:34:31 [main] INFO  c.s.demo.DemoApplicationTests -
                Starting DemoApplicationTests using Java 19.0.2 with PID 4134 (started by kedarnath-bhat in /Users/kedarnath-bhat/Downloads/demo)
2023-02-06 17:34:31 [main] DEBUG c.s.demo.DemoApplicationTests -
                Running with Spring Boot v3.0.2, Spring v6.0.4
2023-02-06 17:34:31 [main] INFO  c.s.demo.DemoApplicationTests -
                No active profile set, falling back to 1 default profile: "default"
2023-02-06 17:34:32 [main] INFO  c.s.demo.DemoApplicationTests -
                Started DemoApplicationTests in 0.917 seconds (process running for 1.451)
2023-02-06 17:34:32 [http-nio-8080-exec-8] INFO  c.s.d.s.impl.EmployeeServiceImpl -
                getAllEmployee in Service is accessed [ResponseEmployee(employeeId=63d9160dd5dd5f2f18bf902a, employeeName=naveen, employeeDesignation=HR, employeeSalary=1789, employeeDob=2/10/1998, age=24), ResponseEmployee(employeeId=63d93cf0c7fcc25e27120d54, employeeName=test, employeeDesignation=HR, employeeSalary=1789, employeeDob=19/05/1998, age=24), ResponseEmployee(employeeId=63d93da19886060c84d740df, employeeName=test, employeeDesignation=SEM, employeeSalary=5664, employeeDob=19/05/1998, age=24), ResponseEmployee(employeeId=63d93e489886060c84d740e0, employeeName=test, employeeDesignation=HR, employeeSalary=0, employeeDob=19/05/1998, age=24), ResponseEmployee(employeeId=63da090f91a0ae2e4dcaba0d, employeeName=newTest, employeeDesignation=HR, employeeSalary=78665, employeeDob=19/05/1998, age=24), ResponseEmployee(employeeId=63da2f8524a3325bab48f60e, employeeName=test, employeeDesignation=HR, employeeSalary=23322, employeeDob=19/05/1998, age=24), ResponseEmployee(employeeId=122443, employeeName=test, employeeDesignation=HR, employeeSalary=23322, employeeDob=19/05/1998, age=24), ResponseEmployee(employeeId=63e0eb7735c8351b10e2156c, employeeName=for_test, employeeDesignation=test, employeeSalary=25000, employeeDob=02/10/1998, age=24), ResponseEmployee(employeeId=63e0ec1c00cae64d8107b030, employeeName=for_test, employeeDesignation=test, employeeSalary=25000, employeeDob=02/10/1998, age=24)]
2023-02-06 17:35:23 [main] INFO  c.s.demo.DemoApplicationTests -
                Starting DemoApplicationTests using Java 19.0.2 with PID 4140 (started by kedarnath-bhat in /Users/kedarnath-bhat/Downloads/demo)
2023-02-06 17:35:23 [main] DEBUG c.s.demo.DemoApplicationTests -
                Running with Spring Boot v3.0.2, Spring v6.0.4
2023-02-06 17:35:23 [main] INFO  c.s.demo.DemoApplicationTests -
                No active profile set, falling back to 1 default profile: "default"
2023-02-06 17:35:24 [main] INFO  c.s.demo.DemoApplicationTests -
                Started DemoApplicationTests in 0.82 seconds (process running for 1.247)
2023-02-06 17:35:54 [main] INFO  c.s.demo.DemoApplicationTests -
                Starting DemoApplicationTests using Java 19.0.2 with PID 4145 (started by kedarnath-bhat in /Users/kedarnath-bhat/Downloads/demo)
2023-02-06 17:35:54 [main] DEBUG c.s.demo.DemoApplicationTests -
                Running with Spring Boot v3.0.2, Spring v6.0.4
2023-02-06 17:35:54 [main] INFO  c.s.demo.DemoApplicationTests -
                No active profile set, falling back to 1 default profile: "default"
2023-02-06 17:35:55 [main] INFO  c.s.demo.DemoApplicationTests -
                Started DemoApplicationTests in 0.826 seconds (process running for 1.237)
